<?xml version="1.0" encoding="UTF-8"?>
<!-- Generated by org.testng.reporters.JUnitReportReporter -->
<testsuite hostname="DESKTOP-4VMP8RJ" name="com.siliconelabs.qa.tests.HomePageTest" tests="1" failures="0" timestamp="22 Mar 2021 20:03:24 GMT" time="7.991" errors="0">
  <testcase name="quickLaunchElementsTest" time="7.991" classname="com.siliconelabs.qa.tests.HomePageTest"/>
</testsuite> <!-- com.siliconelabs.qa.tests.HomePageTest -->
